<?xml version="1.0" encoding="UTF-8"?>
<testsuite xmlns:xsi="http://www.w3.org/2001/XMLSchema-instance" xsi:noNamespaceSchemaLocation="https://maven.apache.org/surefire/maven-surefire-plugin/xsd/surefire-test-report-3.0.xsd" version="3.0" name="AnuncioTest" time="0.132" tests="6" errors="0" skipped="0" failures="0">
  <properties>
[...]
</properties>
  <testcase name="testGetDescricao" classname="AnuncioTest" time="0.059"/>
  <testcase name="testGetTagsAsString" classname="AnuncioTest" time="0.003"/>
  <testcase name="testSetDescricao" classname="AnuncioTest" time="0.001"/>
  <testcase name="testSetTitulo" classname="AnuncioTest" time="0.003"/>
  <testcase name="testGetTitulo" classname="AnuncioTest" time="0.001"/>
  <testcase name="testSetTags" classname="AnuncioTest" time="0.002"/>
</testsuite>